2020-03-13 09:49:17.146  INFO 9108 --- [restartedMain] com.zjw.myblog.MyblogApplication         : Starting MyblogApplication on LAPTOP-EHDURK2F with PID 9108 (C:\Users\66462\Desktop\myblog\target\classes started by 66462 in C:\Users\66462\Desktop\myblog)
2020-03-13 09:49:17.154  INFO 9108 --- [restartedMain] com.zjw.myblog.MyblogApplication         : The following profiles are active: pro
2020-03-13 09:49:22.283  WARN 9108 --- [restartedMain] com.zaxxer.hikari.util.DriverDataSource  : Registered driver with driverClassName=com.mysql.jdbc.Driver was not found, trying direct instantiation.
2020-03-13 09:49:40.265  WARN 9108 --- [restartedMain] JpaBaseConfiguration$JpaWebConfiguration : spring.jpa.open-in-view is enabled by default. Therefore, database queries may be performed during view rendering. Explicitly configure spring.jpa.open-in-view to disable this warning
2020-03-13 09:49:41.177  INFO 9108 --- [restartedMain] com.zjw.myblog.MyblogApplication         : Started MyblogApplication in 24.914 seconds (JVM running for 26.632)
2020-03-13 09:50:10.181  WARN 9108 --- [http-nio-8081-exec-1] org.hibernate.orm.deprecation            : HHH90000016: Found use of deprecated 'collection property' syntax in HQL/JPQL query [t.blogs.size]; use collection function syntax instead [size(t.blogs)].
2020-03-13 09:50:10.258  WARN 9108 --- [http-nio-8081-exec-1] org.hibernate.orm.deprecation            : HHH90000016: Found use of deprecated 'collection property' syntax in HQL/JPQL query [t.blogs.size]; use collection function syntax instead [size(t.blogs)].
2020-03-13 09:51:45.166  INFO 14064 --- [restartedMain] com.zjw.myblog.MyblogApplication         : Starting MyblogApplication on LAPTOP-EHDURK2F with PID 14064 (C:\Users\66462\Desktop\myblog\target\classes started by 66462 in C:\Users\66462\Desktop\myblog)
2020-03-13 09:51:45.169  INFO 14064 --- [restartedMain] com.zjw.myblog.MyblogApplication         : The following profiles are active: pro
2020-03-13 09:51:47.120  WARN 14064 --- [restartedMain] com.zaxxer.hikari.util.DriverDataSource  : Registered driver with driverClassName=com.mysql.jdbc.Driver was not found, trying direct instantiation.
2020-03-13 09:51:49.110  WARN 14064 --- [restartedMain] JpaBaseConfiguration$JpaWebConfiguration : spring.jpa.open-in-view is enabled by default. Therefore, database queries may be performed during view rendering. Explicitly configure spring.jpa.open-in-view to disable this warning
2020-03-13 09:51:49.647  INFO 14064 --- [restartedMain] com.zjw.myblog.MyblogApplication         : Started MyblogApplication in 5.163 seconds (JVM running for 6.624)
2020-03-13 09:51:52.538  WARN 14064 --- [http-nio-8081-exec-1] org.hibernate.orm.deprecation            : HHH90000016: Found use of deprecated 'collection property' syntax in HQL/JPQL query [t.blogs.size]; use collection function syntax instead [size(t.blogs)].
2020-03-13 09:51:52.603  WARN 14064 --- [http-nio-8081-exec-1] org.hibernate.orm.deprecation            : HHH90000016: Found use of deprecated 'collection property' syntax in HQL/JPQL query [t.blogs.size]; use collection function syntax instead [size(t.blogs)].
2020-03-13 09:56:38.465  INFO 16304 --- [restartedMain] com.zjw.myblog.MyblogApplication         : Starting MyblogApplication on LAPTOP-EHDURK2F with PID 16304 (C:\Users\66462\Desktop\myblog\target\classes started by 66462 in C:\Users\66462\Desktop\myblog)
2020-03-13 09:56:38.469  INFO 16304 --- [restartedMain] com.zjw.myblog.MyblogApplication         : The following profiles are active: pro
2020-03-13 09:56:40.377  WARN 16304 --- [restartedMain] com.zaxxer.hikari.util.DriverDataSource  : Registered driver with driverClassName=com.mysql.jdbc.Driver was not found, trying direct instantiation.
2020-03-13 09:56:42.301  WARN 16304 --- [restartedMain] JpaBaseConfiguration$JpaWebConfiguration : spring.jpa.open-in-view is enabled by default. Therefore, database queries may be performed during view rendering. Explicitly configure spring.jpa.open-in-view to disable this warning
2020-03-13 09:56:42.821  INFO 16304 --- [restartedMain] com.zjw.myblog.MyblogApplication         : Started MyblogApplication in 4.937 seconds (JVM running for 6.308)
2020-03-13 09:56:46.009  WARN 16304 --- [http-nio-8081-exec-1] org.hibernate.orm.deprecation            : HHH90000016: Found use of deprecated 'collection property' syntax in HQL/JPQL query [t.blogs.size]; use collection function syntax instead [size(t.blogs)].
2020-03-13 09:56:46.067  WARN 16304 --- [http-nio-8081-exec-1] org.hibernate.orm.deprecation            : HHH90000016: Found use of deprecated 'collection property' syntax in HQL/JPQL query [t.blogs.size]; use collection function syntax instead [size(t.blogs)].
2020-03-13 09:57:17.838  INFO 16240 --- [restartedMain] com.zjw.myblog.MyblogApplication         : Starting MyblogApplication on LAPTOP-EHDURK2F with PID 16240 (C:\Users\66462\Desktop\myblog\target\classes started by 66462 in C:\Users\66462\Desktop\myblog)
2020-03-13 09:57:17.841  INFO 16240 --- [restartedMain] com.zjw.myblog.MyblogApplication         : The following profiles are active: pro
2020-03-13 09:57:19.786  WARN 16240 --- [restartedMain] com.zaxxer.hikari.util.DriverDataSource  : Registered driver with driverClassName=com.mysql.jdbc.Driver was not found, trying direct instantiation.
2020-03-13 09:57:21.941  WARN 16240 --- [restartedMain] JpaBaseConfiguration$JpaWebConfiguration : spring.jpa.open-in-view is enabled by default. Therefore, database queries may be performed during view rendering. Explicitly configure spring.jpa.open-in-view to disable this warning
2020-03-13 09:57:22.466  INFO 16240 --- [restartedMain] com.zjw.myblog.MyblogApplication         : Started MyblogApplication in 5.203 seconds (JVM running for 6.429)
2020-03-13 09:57:25.632  WARN 16240 --- [http-nio-8081-exec-1] org.hibernate.orm.deprecation            : HHH90000016: Found use of deprecated 'collection property' syntax in HQL/JPQL query [t.blogs.size]; use collection function syntax instead [size(t.blogs)].
2020-03-13 09:57:25.671  WARN 16240 --- [http-nio-8081-exec-1] org.hibernate.orm.deprecation            : HHH90000016: Found use of deprecated 'collection property' syntax in HQL/JPQL query [t.blogs.size]; use collection function syntax instead [size(t.blogs)].
2020-03-13 09:58:10.158  INFO 8160 --- [restartedMain] com.zjw.myblog.MyblogApplication         : Starting MyblogApplication on LAPTOP-EHDURK2F with PID 8160 (C:\Users\66462\Desktop\myblog\target\classes started by 66462 in C:\Users\66462\Desktop\myblog)
2020-03-13 09:58:10.161  INFO 8160 --- [restartedMain] com.zjw.myblog.MyblogApplication         : The following profiles are active: pro
2020-03-13 09:58:11.931  WARN 8160 --- [restartedMain] com.zaxxer.hikari.util.DriverDataSource  : Registered driver with driverClassName=com.mysql.jdbc.Driver was not found, trying direct instantiation.
2020-03-13 09:58:13.906  WARN 8160 --- [restartedMain] JpaBaseConfiguration$JpaWebConfiguration : spring.jpa.open-in-view is enabled by default. Therefore, database queries may be performed during view rendering. Explicitly configure spring.jpa.open-in-view to disable this warning
2020-03-13 09:58:14.441  INFO 8160 --- [restartedMain] com.zjw.myblog.MyblogApplication         : Started MyblogApplication in 4.867 seconds (JVM running for 6.155)
2020-03-13 09:58:18.072  WARN 8160 --- [http-nio-8081-exec-1] org.hibernate.orm.deprecation            : HHH90000016: Found use of deprecated 'collection property' syntax in HQL/JPQL query [t.blogs.size]; use collection function syntax instead [size(t.blogs)].
2020-03-13 09:58:18.129  WARN 8160 --- [http-nio-8081-exec-1] org.hibernate.orm.deprecation            : HHH90000016: Found use of deprecated 'collection property' syntax in HQL/JPQL query [t.blogs.size]; use collection function syntax instead [size(t.blogs)].
2020-03-13 10:00:40.528  INFO 9388 --- [main] com.zjw.myblog.MyblogApplicationTests    : Starting MyblogApplicationTests on LAPTOP-EHDURK2F with PID 9388 (started by 66462 in C:\Users\66462\Desktop\myblog)
2020-03-13 10:00:40.529  INFO 9388 --- [main] com.zjw.myblog.MyblogApplicationTests    : The following profiles are active: pro
2020-03-13 10:00:43.211  WARN 9388 --- [main] com.zaxxer.hikari.util.DriverDataSource  : Registered driver with driverClassName=com.mysql.jdbc.Driver was not found, trying direct instantiation.
2020-03-13 10:00:46.491  WARN 9388 --- [main] JpaBaseConfiguration$JpaWebConfiguration : spring.jpa.open-in-view is enabled by default. Therefore, database queries may be performed during view rendering. Explicitly configure spring.jpa.open-in-view to disable this warning
2020-03-13 10:00:47.231  INFO 9388 --- [main] com.zjw.myblog.MyblogApplicationTests    : Started MyblogApplicationTests in 7.257 seconds (JVM running for 8.583)
2020-03-13 10:06:33.899  INFO 13820 --- [restartedMain] com.zjw.myblog.MyblogApplication         : Starting MyblogApplication on LAPTOP-EHDURK2F with PID 13820 (C:\Users\66462\Desktop\myblog\target\classes started by 66462 in C:\Users\66462\Desktop\myblog)
2020-03-13 10:06:33.902  INFO 13820 --- [restartedMain] com.zjw.myblog.MyblogApplication         : The following profiles are active: pro
2020-03-13 10:06:35.605  WARN 13820 --- [restartedMain] com.zaxxer.hikari.util.DriverDataSource  : Registered driver with driverClassName=com.mysql.jdbc.Driver was not found, trying direct instantiation.
2020-03-13 10:06:37.485  WARN 13820 --- [restartedMain] JpaBaseConfiguration$JpaWebConfiguration : spring.jpa.open-in-view is enabled by default. Therefore, database queries may be performed during view rendering. Explicitly configure spring.jpa.open-in-view to disable this warning
2020-03-13 10:06:38.080  INFO 13820 --- [restartedMain] com.zjw.myblog.MyblogApplication         : Started MyblogApplication in 4.687 seconds (JVM running for 5.925)
2020-03-13 10:06:45.830  WARN 13820 --- [http-nio-80-exec-1] org.hibernate.orm.deprecation            : HHH90000016: Found use of deprecated 'collection property' syntax in HQL/JPQL query [t.blogs.size]; use collection function syntax instead [size(t.blogs)].
2020-03-13 10:06:45.865  WARN 13820 --- [http-nio-80-exec-1] org.hibernate.orm.deprecation            : HHH90000016: Found use of deprecated 'collection property' syntax in HQL/JPQL query [t.blogs.size]; use collection function syntax instead [size(t.blogs)].
2020-03-13 10:07:59.111  INFO 13820 --- [restartedMain] com.zjw.myblog.MyblogApplication         : Starting MyblogApplication on LAPTOP-EHDURK2F with PID 13820 (C:\Users\66462\Desktop\myblog\target\classes started by 66462 in C:\Users\66462\Desktop\myblog)
2020-03-13 10:07:59.111  INFO 13820 --- [restartedMain] com.zjw.myblog.MyblogApplication         : The following profiles are active: pro
2020-03-13 10:07:59.759  WARN 13820 --- [restartedMain] com.zaxxer.hikari.util.DriverDataSource  : Registered driver with driverClassName=com.mysql.jdbc.Driver was not found, trying direct instantiation.
2020-03-13 10:08:00.425  WARN 13820 --- [restartedMain] JpaBaseConfiguration$JpaWebConfiguration : spring.jpa.open-in-view is enabled by default. Therefore, database queries may be performed during view rendering. Explicitly configure spring.jpa.open-in-view to disable this warning
2020-03-13 10:08:00.511  INFO 17116 --- [main] com.zjw.myblog.MyblogApplicationTests    : Starting MyblogApplicationTests on LAPTOP-EHDURK2F with PID 17116 (started by 66462 in C:\Users\66462\Desktop\myblog)
2020-03-13 10:08:00.512  INFO 17116 --- [main] com.zjw.myblog.MyblogApplicationTests    : The following profiles are active: pro
2020-03-13 10:08:00.915  INFO 13820 --- [restartedMain] com.zjw.myblog.MyblogApplication         : Started MyblogApplication in 1.868 seconds (JVM running for 88.76)
2020-03-13 10:08:03.029  WARN 17116 --- [main] com.zaxxer.hikari.util.DriverDataSource  : Registered driver with driverClassName=com.mysql.jdbc.Driver was not found, trying direct instantiation.
2020-03-13 10:08:06.308  WARN 17116 --- [main] JpaBaseConfiguration$JpaWebConfiguration : spring.jpa.open-in-view is enabled by default. Therefore, database queries may be performed during view rendering. Explicitly configure spring.jpa.open-in-view to disable this warning
2020-03-13 10:08:07.186  INFO 17116 --- [main] com.zjw.myblog.MyblogApplicationTests    : Started MyblogApplicationTests in 7.308 seconds (JVM running for 8.526)
2020-03-13 10:46:08.859  WARN 13820 --- [http-nio-8081-exec-1] org.hibernate.orm.deprecation            : HHH90000016: Found use of deprecated 'collection property' syntax in HQL/JPQL query [t.blogs.size]; use collection function syntax instead [size(t.blogs)].
2020-03-13 10:46:08.894  WARN 13820 --- [http-nio-8081-exec-1] org.hibernate.orm.deprecation            : HHH90000016: Found use of deprecated 'collection property' syntax in HQL/JPQL query [t.blogs.size]; use collection function syntax instead [size(t.blogs)].
